<?xml version="1.0" encoding="utf-8"?><testsuites name="pytest tests"><testsuite name="pytest" errors="0" failures="0" skipped="0" tests="15" time="5.602" timestamp="2026-09-22T12:53:39.237554+00:00" hostname="agent-env-43fafe51-7a1b-4b03-81dc-52fd4c43aa3b"><testcase classname="tests.backend_test.TestAuthRoles" name="test_laboratorista_login_and_role" time="0.457" /><testcase classname="tests.backend_test.TestAuthRoles" name="test_tecnico_role" time="0.370" /><testcase classname="tests.backend_test.TestSeriesAuto" name="test_two_concretos_sequential" time="0.841" /><testcase classname="tests.backend_test.TestSeriesAuto" name="test_cps_batch_uses_serie" time="0.135" /><testcase classname="tests.backend_test.TestRupturaValidacao" name="test_ruptura_conforme_true" time="0.144" /><testcase classname="tests.backend_test.TestRupturaValidacao" name="test_ruptura_conforme_false" time="0.148" /><testcase classname="tests.backend_test.TestRupturaValidacao" name="test_lab_cannot_validate" time="2.045" /><testcase classname="tests.backend_test.TestRupturaValidacao" name="test_tecnico_validate_approve" time="0.159" /><testcase classname="tests.backend_test.TestRupturaValidacao" name="test_tecnico_validate_reject" time="0.116" /><testcase classname="tests.backend_test.TestVencidosOnly" name="test_vencidos_only_returns_pending_expired" time="0.160" /><testcase classname="tests.backend_test.TestSolos" name="test_amostra_created_scoped" time="0.207" /><testcase classname="tests.backend_test.TestSolos" name="test_pdl" time="0.186" /><testcase classname="tests.backend_test.TestSolos" name="test_compactacao_parabolic" time="0.155" /><testcase classname="tests.backend_test.TestSolos" name="test_hilf" time="0.143" /><testcase classname="tests.backend_test.TestPDF" name="test_pdf_contains_pdf_bytes" time="0.280" /></testsuite></testsuites>